Simulator report for alu_calculate
Sun Dec 30 12:27:17 2018
Quartus II Version 9.0 Build 184 04/29/2009 Service Pack 1 SJ Web Edition


---------------------
; Table of Contents ;
---------------------
  1. Legal Notice
  2. Simulator Summary
  3. Simulator Settings
  4. Simulation Waveforms
  5. Coverage Summary
  6. Complete 1/0-Value Coverage
  7. Missing 1-Value Coverage
  8. Missing 0-Value Coverage
  9. Simulator INI Usage
 10. Simulator Messages



----------------
; Legal Notice ;
----------------
Copyright (C) 1991-2009 Altera Corporation
Your use of Altera Corporation's design tools, logic functions 
and other software and tools, and its AMPP partner logic 
functions, and any output files from any of the foregoing 
(including device programming or simulation files), and any 
associated documentation or information are expressly subject 
to the terms and conditions of the Altera Program License 
Subscription Agreement, Altera MegaCore Function License 
Agreement, or other applicable license agreement, including, 
without limitation, that your use is for the sole purpose of 
programming logic devices manufactured by Altera and sold by 
Altera or its authorized distributors.  Please refer to the 
applicable agreement for further details.



+--------------------------------------------+
; Simulator Summary                          ;
+-----------------------------+--------------+
; Type                        ; Value        ;
+-----------------------------+--------------+
; Simulation Start Time       ; 0 ps         ;
; Simulation End Time         ; 1.0 us       ;
; Simulation Netlist Size     ; 282 nodes    ;
; Simulation Coverage         ;      21.99 % ;
; Total Number of Transitions ; 190          ;
; Simulation Breakpoints      ; 0            ;
; Family                      ; Stratix II   ;
+-----------------------------+--------------+


+--------------------------------------------------------------------------------------------------------------------------------+
; Simulator Settings                                                                                                             ;
+--------------------------------------------------------------------------------------------+-------------------+---------------+
; Option                                                                                     ; Setting           ; Default Value ;
+--------------------------------------------------------------------------------------------+-------------------+---------------+
; Simulation mode                                                                            ; Functional        ; Timing        ;
; Start time                                                                                 ; 0 ns              ; 0 ns          ;
; Simulation results format                                                                  ; CVWF              ;               ;
; Vector input source                                                                        ; alu_calculate.vwf ;               ;
; Add pins automatically to simulation output waveforms                                      ; On                ; On            ;
; Check outputs                                                                              ; Off               ; Off           ;
; Report simulation coverage                                                                 ; On                ; On            ;
; Display complete 1/0 value coverage report                                                 ; On                ; On            ;
; Display missing 1-value coverage report                                                    ; On                ; On            ;
; Display missing 0-value coverage report                                                    ; On                ; On            ;
; Detect setup and hold time violations                                                      ; Off               ; Off           ;
; Detect glitches                                                                            ; Off               ; Off           ;
; Disable timing delays in Timing Simulation                                                 ; Off               ; Off           ;
; Generate Signal Activity File                                                              ; Off               ; Off           ;
; Generate VCD File for PowerPlay Power Analyzer                                             ; Off               ; Off           ;
; Group bus channels in simulation results                                                   ; Off               ; Off           ;
; Preserve fewer signal transitions to reduce memory requirements                            ; On                ; On            ;
; Trigger vector comparison with the specified mode                                          ; INPUT_EDGE        ; INPUT_EDGE    ;
; Disable setup and hold time violations detection in input registers of bi-directional pins ; Off               ; Off           ;
; Overwrite Waveform Inputs With Simulation Outputs                                          ; Off               ;               ;
; Perform Glitch Filtering in Timing Simulation                                              ; Auto              ; Auto          ;
+--------------------------------------------------------------------------------------------+-------------------+---------------+


+----------------------+
; Simulation Waveforms ;
+----------------------+
Waveform report data cannot be output to ASCII.
Please use Quartus II to view the waveform report data.


+--------------------------------------------------------------------+
; Coverage Summary                                                   ;
+-----------------------------------------------------+--------------+
; Type                                                ; Value        ;
+-----------------------------------------------------+--------------+
; Total coverage as a percentage                      ;      21.99 % ;
; Total nodes checked                                 ; 282          ;
; Total output ports checked                          ; 282          ;
; Total output ports with complete 1/0-value coverage ; 62           ;
; Total output ports with no 1/0-value coverage       ; 218          ;
; Total output ports with no 1-value coverage         ; 220          ;
; Total output ports with no 0-value coverage         ; 218          ;
+-----------------------------------------------------+--------------+


The following table displays output ports that toggle between 1 and 0 during simulation.
+----------------------------------------------------------------------------+
; Complete 1/0-Value Coverage                                                ;
+----------------------------+----------------------------+------------------+
; Node Name                  ; Output Port Name           ; Output Port Type ;
+----------------------------+----------------------------+------------------+
; |alu_calculate|process_0~1 ; |alu_calculate|process_0~1 ; out0             ;
; |alu_calculate|process_0~2 ; |alu_calculate|process_0~2 ; out0             ;
; |alu_calculate|process_0~3 ; |alu_calculate|process_0~3 ; out0             ;
; |alu_calculate|process_0~4 ; |alu_calculate|process_0~4 ; out0             ;
; |alu_calculate|r~25        ; |alu_calculate|r~25        ; out              ;
; |alu_calculate|r~26        ; |alu_calculate|r~26        ; out              ;
; |alu_calculate|r~28        ; |alu_calculate|r~28        ; out              ;
; |alu_calculate|r~29        ; |alu_calculate|r~29        ; out              ;
; |alu_calculate|r~31        ; |alu_calculate|r~31        ; out              ;
; |alu_calculate|r~32        ; |alu_calculate|r~32        ; out              ;
; |alu_calculate|r~33        ; |alu_calculate|r~33        ; out              ;
; |alu_calculate|r~34        ; |alu_calculate|r~34        ; out              ;
; |alu_calculate|r~35        ; |alu_calculate|r~35        ; out              ;
; |alu_calculate|r~36        ; |alu_calculate|r~36        ; out              ;
; |alu_calculate|r~37        ; |alu_calculate|r~37        ; out              ;
; |alu_calculate|r~38        ; |alu_calculate|r~38        ; out              ;
; |alu_calculate|r~39        ; |alu_calculate|r~39        ; out              ;
; |alu_calculate|r~40        ; |alu_calculate|r~40        ; out              ;
; |alu_calculate|r~41        ; |alu_calculate|r~41        ; out              ;
; |alu_calculate|r~42        ; |alu_calculate|r~42        ; out              ;
; |alu_calculate|r~43        ; |alu_calculate|r~43        ; out              ;
; |alu_calculate|r~44        ; |alu_calculate|r~44        ; out              ;
; |alu_calculate|r~45        ; |alu_calculate|r~45        ; out              ;
; |alu_calculate|r~46        ; |alu_calculate|r~46        ; out              ;
; |alu_calculate|r~47        ; |alu_calculate|r~47        ; out              ;
; |alu_calculate|r~48        ; |alu_calculate|r~48        ; out              ;
; |alu_calculate|r~49        ; |alu_calculate|r~49        ; out              ;
; |alu_calculate|r~50        ; |alu_calculate|r~50        ; out              ;
; |alu_calculate|r~51        ; |alu_calculate|r~51        ; out              ;
; |alu_calculate|r~52        ; |alu_calculate|r~52        ; out              ;
; |alu_calculate|r~53        ; |alu_calculate|r~53        ; out              ;
; |alu_calculate|r~54        ; |alu_calculate|r~54        ; out              ;
; |alu_calculate|r~55        ; |alu_calculate|r~55        ; out              ;
; |alu_calculate|r~56        ; |alu_calculate|r~56        ; out              ;
; |alu_calculate|r~57        ; |alu_calculate|r~57        ; out              ;
; |alu_calculate|r~58        ; |alu_calculate|r~58        ; out              ;
; |alu_calculate|r~59        ; |alu_calculate|r~59        ; out              ;
; |alu_calculate|r~60        ; |alu_calculate|r~60        ; out              ;
; |alu_calculate|r~61        ; |alu_calculate|r~61        ; out              ;
; |alu_calculate|r~62        ; |alu_calculate|r~62        ; out              ;
; |alu_calculate|r~63        ; |alu_calculate|r~63        ; out              ;
; |alu_calculate|z~3         ; |alu_calculate|z~3         ; out              ;
; |alu_calculate|z~4         ; |alu_calculate|z~4         ; out              ;
; |alu_calculate|z~5         ; |alu_calculate|z~5         ; out              ;
; |alu_calculate|s[0]        ; |alu_calculate|s[0]        ; out              ;
; |alu_calculate|s[1]        ; |alu_calculate|s[1]        ; out              ;
; |alu_calculate|s[2]        ; |alu_calculate|s[2]        ; out              ;
; |alu_calculate|s[3]        ; |alu_calculate|s[3]        ; out              ;
; |alu_calculate|m           ; |alu_calculate|m           ; out              ;
; |alu_calculate|r[0]        ; |alu_calculate|r[0]        ; pin_out          ;
; |alu_calculate|r[1]        ; |alu_calculate|r[1]        ; pin_out          ;
; |alu_calculate|r[2]        ; |alu_calculate|r[2]        ; pin_out          ;
; |alu_calculate|r[3]        ; |alu_calculate|r[3]        ; pin_out          ;
; |alu_calculate|r[4]        ; |alu_calculate|r[4]        ; pin_out          ;
; |alu_calculate|r[5]        ; |alu_calculate|r[5]        ; pin_out          ;
; |alu_calculate|r[6]        ; |alu_calculate|r[6]        ; pin_out          ;
; |alu_calculate|r[7]        ; |alu_calculate|r[7]        ; pin_out          ;
; |alu_calculate|z           ; |alu_calculate|z           ; pin_out          ;
; |alu_calculate|Equal2~0    ; |alu_calculate|Equal2~0    ; out0             ;
; |alu_calculate|Equal3~0    ; |alu_calculate|Equal3~0    ; out0             ;
; |alu_calculate|Equal5~0    ; |alu_calculate|Equal5~0    ; out0             ;
; |alu_calculate|Equal7~0    ; |alu_calculate|Equal7~0    ; out0             ;
+----------------------------+----------------------------+------------------+


The following table displays output ports that do not toggle to 1 during simulation.
+------------------------------------------------------------------------------+
; Missing 1-Value Coverage                                                     ;
+-----------------------------+-----------------------------+------------------+
; Node Name                   ; Output Port Name            ; Output Port Type ;
+-----------------------------+-----------------------------+------------------+
; |alu_calculate|process_0~0  ; |alu_calculate|process_0~0  ; out0             ;
; |alu_calculate|r~0          ; |alu_calculate|r~0          ; out              ;
; |alu_calculate|r~1          ; |alu_calculate|r~1          ; out              ;
; |alu_calculate|r~2          ; |alu_calculate|r~2          ; out              ;
; |alu_calculate|r~3          ; |alu_calculate|r~3          ; out              ;
; |alu_calculate|r~4          ; |alu_calculate|r~4          ; out              ;
; |alu_calculate|r~5          ; |alu_calculate|r~5          ; out              ;
; |alu_calculate|r~6          ; |alu_calculate|r~6          ; out              ;
; |alu_calculate|r~7          ; |alu_calculate|r~7          ; out              ;
; |alu_calculate|r~8          ; |alu_calculate|r~8          ; out              ;
; |alu_calculate|r~9          ; |alu_calculate|r~9          ; out              ;
; |alu_calculate|r~10         ; |alu_calculate|r~10         ; out              ;
; |alu_calculate|r~11         ; |alu_calculate|r~11         ; out              ;
; |alu_calculate|r~12         ; |alu_calculate|r~12         ; out              ;
; |alu_calculate|r~13         ; |alu_calculate|r~13         ; out              ;
; |alu_calculate|r~14         ; |alu_calculate|r~14         ; out              ;
; |alu_calculate|r~15         ; |alu_calculate|r~15         ; out              ;
; |alu_calculate|c~0          ; |alu_calculate|c~0          ; out              ;
; |alu_calculate|z~0          ; |alu_calculate|z~0          ; out              ;
; |alu_calculate|r~16         ; |alu_calculate|r~16         ; out0             ;
; |alu_calculate|r~17         ; |alu_calculate|r~17         ; out0             ;
; |alu_calculate|r~18         ; |alu_calculate|r~18         ; out0             ;
; |alu_calculate|r~19         ; |alu_calculate|r~19         ; out0             ;
; |alu_calculate|r~20         ; |alu_calculate|r~20         ; out0             ;
; |alu_calculate|r~21         ; |alu_calculate|r~21         ; out0             ;
; |alu_calculate|r~22         ; |alu_calculate|r~22         ; out0             ;
; |alu_calculate|r~23         ; |alu_calculate|r~23         ; out0             ;
; |alu_calculate|r~24         ; |alu_calculate|r~24         ; out              ;
; |alu_calculate|r~27         ; |alu_calculate|r~27         ; out              ;
; |alu_calculate|r~30         ; |alu_calculate|r~30         ; out              ;
; |alu_calculate|c~1          ; |alu_calculate|c~1          ; out              ;
; |alu_calculate|c~2          ; |alu_calculate|c~2          ; out              ;
; |alu_calculate|z~1          ; |alu_calculate|z~1          ; out              ;
; |alu_calculate|z~2          ; |alu_calculate|z~2          ; out              ;
; |alu_calculate|a[0]         ; |alu_calculate|a[0]         ; out              ;
; |alu_calculate|a[1]         ; |alu_calculate|a[1]         ; out              ;
; |alu_calculate|a[2]         ; |alu_calculate|a[2]         ; out              ;
; |alu_calculate|a[3]         ; |alu_calculate|a[3]         ; out              ;
; |alu_calculate|a[4]         ; |alu_calculate|a[4]         ; out              ;
; |alu_calculate|a[5]         ; |alu_calculate|a[5]         ; out              ;
; |alu_calculate|a[6]         ; |alu_calculate|a[6]         ; out              ;
; |alu_calculate|a[7]         ; |alu_calculate|a[7]         ; out              ;
; |alu_calculate|b[0]         ; |alu_calculate|b[0]         ; out              ;
; |alu_calculate|b[1]         ; |alu_calculate|b[1]         ; out              ;
; |alu_calculate|b[2]         ; |alu_calculate|b[2]         ; out              ;
; |alu_calculate|b[3]         ; |alu_calculate|b[3]         ; out              ;
; |alu_calculate|b[4]         ; |alu_calculate|b[4]         ; out              ;
; |alu_calculate|b[5]         ; |alu_calculate|b[5]         ; out              ;
; |alu_calculate|b[6]         ; |alu_calculate|b[6]         ; out              ;
; |alu_calculate|b[7]         ; |alu_calculate|b[7]         ; out              ;
; |alu_calculate|c            ; |alu_calculate|c            ; pin_out          ;
; |alu_calculate|LessThan0~0  ; |alu_calculate|LessThan0~0  ; out0             ;
; |alu_calculate|LessThan0~1  ; |alu_calculate|LessThan0~1  ; out0             ;
; |alu_calculate|LessThan0~2  ; |alu_calculate|LessThan0~2  ; out0             ;
; |alu_calculate|LessThan0~3  ; |alu_calculate|LessThan0~3  ; out0             ;
; |alu_calculate|LessThan0~4  ; |alu_calculate|LessThan0~4  ; out0             ;
; |alu_calculate|LessThan0~5  ; |alu_calculate|LessThan0~5  ; out0             ;
; |alu_calculate|LessThan0~6  ; |alu_calculate|LessThan0~6  ; out0             ;
; |alu_calculate|LessThan0~7  ; |alu_calculate|LessThan0~7  ; out0             ;
; |alu_calculate|LessThan0~8  ; |alu_calculate|LessThan0~8  ; out0             ;
; |alu_calculate|LessThan0~9  ; |alu_calculate|LessThan0~9  ; out0             ;
; |alu_calculate|LessThan0~10 ; |alu_calculate|LessThan0~10 ; out0             ;
; |alu_calculate|LessThan0~11 ; |alu_calculate|LessThan0~11 ; out0             ;
; |alu_calculate|LessThan0~12 ; |alu_calculate|LessThan0~12 ; out0             ;
; |alu_calculate|LessThan0~13 ; |alu_calculate|LessThan0~13 ; out0             ;
; |alu_calculate|LessThan0~14 ; |alu_calculate|LessThan0~14 ; out0             ;
; |alu_calculate|LessThan0~15 ; |alu_calculate|LessThan0~15 ; out0             ;
; |alu_calculate|LessThan0~16 ; |alu_calculate|LessThan0~16 ; out0             ;
; |alu_calculate|LessThan0~17 ; |alu_calculate|LessThan0~17 ; out0             ;
; |alu_calculate|LessThan0~18 ; |alu_calculate|LessThan0~18 ; out0             ;
; |alu_calculate|LessThan0~19 ; |alu_calculate|LessThan0~19 ; out0             ;
; |alu_calculate|LessThan0~20 ; |alu_calculate|LessThan0~20 ; out0             ;
; |alu_calculate|LessThan0~21 ; |alu_calculate|LessThan0~21 ; out0             ;
; |alu_calculate|LessThan0~22 ; |alu_calculate|LessThan0~22 ; out0             ;
; |alu_calculate|LessThan0~23 ; |alu_calculate|LessThan0~23 ; out0             ;
; |alu_calculate|LessThan0~24 ; |alu_calculate|LessThan0~24 ; out0             ;
; |alu_calculate|LessThan0~25 ; |alu_calculate|LessThan0~25 ; out0             ;
; |alu_calculate|LessThan0~26 ; |alu_calculate|LessThan0~26 ; out0             ;
; |alu_calculate|LessThan0~27 ; |alu_calculate|LessThan0~27 ; out0             ;
; |alu_calculate|LessThan0~28 ; |alu_calculate|LessThan0~28 ; out0             ;
; |alu_calculate|LessThan1~0  ; |alu_calculate|LessThan1~0  ; out0             ;
; |alu_calculate|LessThan1~1  ; |alu_calculate|LessThan1~1  ; out0             ;
; |alu_calculate|LessThan1~2  ; |alu_calculate|LessThan1~2  ; out0             ;
; |alu_calculate|LessThan1~3  ; |alu_calculate|LessThan1~3  ; out0             ;
; |alu_calculate|LessThan1~4  ; |alu_calculate|LessThan1~4  ; out0             ;
; |alu_calculate|LessThan1~5  ; |alu_calculate|LessThan1~5  ; out0             ;
; |alu_calculate|LessThan1~6  ; |alu_calculate|LessThan1~6  ; out0             ;
; |alu_calculate|LessThan1~7  ; |alu_calculate|LessThan1~7  ; out0             ;
; |alu_calculate|LessThan1~8  ; |alu_calculate|LessThan1~8  ; out0             ;
; |alu_calculate|LessThan1~9  ; |alu_calculate|LessThan1~9  ; out0             ;
; |alu_calculate|LessThan1~10 ; |alu_calculate|LessThan1~10 ; out0             ;
; |alu_calculate|LessThan1~11 ; |alu_calculate|LessThan1~11 ; out0             ;
; |alu_calculate|LessThan1~12 ; |alu_calculate|LessThan1~12 ; out0             ;
; |alu_calculate|LessThan1~13 ; |alu_calculate|LessThan1~13 ; out0             ;
; |alu_calculate|LessThan1~14 ; |alu_calculate|LessThan1~14 ; out0             ;
; |alu_calculate|LessThan1~15 ; |alu_calculate|LessThan1~15 ; out0             ;
; |alu_calculate|LessThan1~16 ; |alu_calculate|LessThan1~16 ; out0             ;
; |alu_calculate|LessThan1~17 ; |alu_calculate|LessThan1~17 ; out0             ;
; |alu_calculate|LessThan1~18 ; |alu_calculate|LessThan1~18 ; out0             ;
; |alu_calculate|LessThan1~19 ; |alu_calculate|LessThan1~19 ; out0             ;
; |alu_calculate|LessThan1~20 ; |alu_calculate|LessThan1~20 ; out0             ;
; |alu_calculate|LessThan1~21 ; |alu_calculate|LessThan1~21 ; out0             ;
; |alu_calculate|LessThan1~22 ; |alu_calculate|LessThan1~22 ; out0             ;
; |alu_calculate|LessThan1~23 ; |alu_calculate|LessThan1~23 ; out0             ;
; |alu_calculate|LessThan1~24 ; |alu_calculate|LessThan1~24 ; out0             ;
; |alu_calculate|LessThan1~25 ; |alu_calculate|LessThan1~25 ; out0             ;
; |alu_calculate|LessThan1~26 ; |alu_calculate|LessThan1~26 ; out0             ;
; |alu_calculate|LessThan1~27 ; |alu_calculate|LessThan1~27 ; out0             ;
; |alu_calculate|LessThan1~28 ; |alu_calculate|LessThan1~28 ; out0             ;
; |alu_calculate|Add0~0       ; |alu_calculate|Add0~0       ; out0             ;
; |alu_calculate|Add0~1       ; |alu_calculate|Add0~1       ; out0             ;
; |alu_calculate|Add0~2       ; |alu_calculate|Add0~2       ; out0             ;
; |alu_calculate|Add0~3       ; |alu_calculate|Add0~3       ; out0             ;
; |alu_calculate|Add0~4       ; |alu_calculate|Add0~4       ; out0             ;
; |alu_calculate|Add0~5       ; |alu_calculate|Add0~5       ; out0             ;
; |alu_calculate|Add0~6       ; |alu_calculate|Add0~6       ; out0             ;
; |alu_calculate|Add0~7       ; |alu_calculate|Add0~7       ; out0             ;
; |alu_calculate|Add0~8       ; |alu_calculate|Add0~8       ; out0             ;
; |alu_calculate|Add0~9       ; |alu_calculate|Add0~9       ; out0             ;
; |alu_calculate|Add0~10      ; |alu_calculate|Add0~10      ; out0             ;
; |alu_calculate|Add0~11      ; |alu_calculate|Add0~11      ; out0             ;
; |alu_calculate|Add0~12      ; |alu_calculate|Add0~12      ; out0             ;
; |alu_calculate|Add0~13      ; |alu_calculate|Add0~13      ; out0             ;
; |alu_calculate|Add0~14      ; |alu_calculate|Add0~14      ; out0             ;
; |alu_calculate|Add0~15      ; |alu_calculate|Add0~15      ; out0             ;
; |alu_calculate|Add0~16      ; |alu_calculate|Add0~16      ; out0             ;
; |alu_calculate|Add0~17      ; |alu_calculate|Add0~17      ; out0             ;
; |alu_calculate|Add0~18      ; |alu_calculate|Add0~18      ; out0             ;
; |alu_calculate|Add0~19      ; |alu_calculate|Add0~19      ; out0             ;
; |alu_calculate|Add0~20      ; |alu_calculate|Add0~20      ; out0             ;
; |alu_calculate|Add0~21      ; |alu_calculate|Add0~21      ; out0             ;
; |alu_calculate|Add0~22      ; |alu_calculate|Add0~22      ; out0             ;
; |alu_calculate|Add0~23      ; |alu_calculate|Add0~23      ; out0             ;
; |alu_calculate|Add0~24      ; |alu_calculate|Add0~24      ; out0             ;
; |alu_calculate|Add0~25      ; |alu_calculate|Add0~25      ; out0             ;
; |alu_calculate|Add0~26      ; |alu_calculate|Add0~26      ; out0             ;
; |alu_calculate|Add0~27      ; |alu_calculate|Add0~27      ; out0             ;
; |alu_calculate|Add0~28      ; |alu_calculate|Add0~28      ; out0             ;
; |alu_calculate|Add0~29      ; |alu_calculate|Add0~29      ; out0             ;
; |alu_calculate|Add0~30      ; |alu_calculate|Add0~30      ; out0             ;
; |alu_calculate|Add0~31      ; |alu_calculate|Add0~31      ; out0             ;
; |alu_calculate|Add0~32      ; |alu_calculate|Add0~32      ; out0             ;
; |alu_calculate|Add0~33      ; |alu_calculate|Add0~33      ; out0             ;
; |alu_calculate|Add0~34      ; |alu_calculate|Add0~34      ; out0             ;
; |alu_calculate|Add0~35      ; |alu_calculate|Add0~35      ; out0             ;
; |alu_calculate|Add0~36      ; |alu_calculate|Add0~36      ; out0             ;
; |alu_calculate|Add1~0       ; |alu_calculate|Add1~0       ; out0             ;
; |alu_calculate|Add1~1       ; |alu_calculate|Add1~1       ; out0             ;
; |alu_calculate|Add1~2       ; |alu_calculate|Add1~2       ; out0             ;
; |alu_calculate|Add1~3       ; |alu_calculate|Add1~3       ; out0             ;
; |alu_calculate|Add1~4       ; |alu_calculate|Add1~4       ; out0             ;
; |alu_calculate|Add1~5       ; |alu_calculate|Add1~5       ; out0             ;
; |alu_calculate|Add1~6       ; |alu_calculate|Add1~6       ; out0             ;
; |alu_calculate|Add1~7       ; |alu_calculate|Add1~7       ; out0             ;
; |alu_calculate|Add1~8       ; |alu_calculate|Add1~8       ; out0             ;
; |alu_calculate|Add1~9       ; |alu_calculate|Add1~9       ; out0             ;
; |alu_calculate|Add1~10      ; |alu_calculate|Add1~10      ; out0             ;
; |alu_calculate|Add1~11      ; |alu_calculate|Add1~11      ; out0             ;
; |alu_calculate|Add1~12      ; |alu_calculate|Add1~12      ; out0             ;
; |alu_calculate|Add1~13      ; |alu_calculate|Add1~13      ; out0             ;
; |alu_calculate|Add1~14      ; |alu_calculate|Add1~14      ; out0             ;
; |alu_calculate|Add1~15      ; |alu_calculate|Add1~15      ; out0             ;
; |alu_calculate|Add1~16      ; |alu_calculate|Add1~16      ; out0             ;
; |alu_calculate|Add1~17      ; |alu_calculate|Add1~17      ; out0             ;
; |alu_calculate|Add1~18      ; |alu_calculate|Add1~18      ; out0             ;
; |alu_calculate|Add1~19      ; |alu_calculate|Add1~19      ; out0             ;
; |alu_calculate|Add1~20      ; |alu_calculate|Add1~20      ; out0             ;
; |alu_calculate|Add1~21      ; |alu_calculate|Add1~21      ; out0             ;
; |alu_calculate|Add1~22      ; |alu_calculate|Add1~22      ; out0             ;
; |alu_calculate|Add1~23      ; |alu_calculate|Add1~23      ; out0             ;
; |alu_calculate|Add1~24      ; |alu_calculate|Add1~24      ; out0             ;
; |alu_calculate|Add1~25      ; |alu_calculate|Add1~25      ; out0             ;
; |alu_calculate|Add1~26      ; |alu_calculate|Add1~26      ; out0             ;
; |alu_calculate|Add1~27      ; |alu_calculate|Add1~27      ; out0             ;
; |alu_calculate|Add1~28      ; |alu_calculate|Add1~28      ; out0             ;
; |alu_calculate|Add1~29      ; |alu_calculate|Add1~29      ; out0             ;
; |alu_calculate|Add1~30      ; |alu_calculate|Add1~30      ; out0             ;
; |alu_calculate|Add1~31      ; |alu_calculate|Add1~31      ; out0             ;
; |alu_calculate|Add1~32      ; |alu_calculate|Add1~32      ; out0             ;
; |alu_calculate|Add1~33      ; |alu_calculate|Add1~33      ; out0             ;
; |alu_calculate|Add2~0       ; |alu_calculate|Add2~0       ; out0             ;
; |alu_calculate|Add2~1       ; |alu_calculate|Add2~1       ; out0             ;
; |alu_calculate|Add2~2       ; |alu_calculate|Add2~2       ; out0             ;
; |alu_calculate|Add2~3       ; |alu_calculate|Add2~3       ; out0             ;
; |alu_calculate|Add2~4       ; |alu_calculate|Add2~4       ; out0             ;
; |alu_calculate|Add2~5       ; |alu_calculate|Add2~5       ; out0             ;
; |alu_calculate|Add2~6       ; |alu_calculate|Add2~6       ; out0             ;
; |alu_calculate|Add2~7       ; |alu_calculate|Add2~7       ; out0             ;
; |alu_calculate|Add2~8       ; |alu_calculate|Add2~8       ; out0             ;
; |alu_calculate|Add2~9       ; |alu_calculate|Add2~9       ; out0             ;
; |alu_calculate|Add2~10      ; |alu_calculate|Add2~10      ; out0             ;
; |alu_calculate|Add2~11      ; |alu_calculate|Add2~11      ; out0             ;
; |alu_calculate|Add2~12      ; |alu_calculate|Add2~12      ; out0             ;
; |alu_calculate|Add2~13      ; |alu_calculate|Add2~13      ; out0             ;
; |alu_calculate|Add2~14      ; |alu_calculate|Add2~14      ; out0             ;
; |alu_calculate|Add2~15      ; |alu_calculate|Add2~15      ; out0             ;
; |alu_calculate|Add2~16      ; |alu_calculate|Add2~16      ; out0             ;
; |alu_calculate|Add2~17      ; |alu_calculate|Add2~17      ; out0             ;
; |alu_calculate|Add2~18      ; |alu_calculate|Add2~18      ; out0             ;
; |alu_calculate|Add2~19      ; |alu_calculate|Add2~19      ; out0             ;
; |alu_calculate|Add2~20      ; |alu_calculate|Add2~20      ; out0             ;
; |alu_calculate|Add2~21      ; |alu_calculate|Add2~21      ; out0             ;
; |alu_calculate|Add2~22      ; |alu_calculate|Add2~22      ; out0             ;
; |alu_calculate|Add2~23      ; |alu_calculate|Add2~23      ; out0             ;
; |alu_calculate|Add2~24      ; |alu_calculate|Add2~24      ; out0             ;
; |alu_calculate|Add2~25      ; |alu_calculate|Add2~25      ; out0             ;
; |alu_calculate|Add2~26      ; |alu_calculate|Add2~26      ; out0             ;
; |alu_calculate|Add2~27      ; |alu_calculate|Add2~27      ; out0             ;
; |alu_calculate|Add2~28      ; |alu_calculate|Add2~28      ; out0             ;
; |alu_calculate|Add2~29      ; |alu_calculate|Add2~29      ; out0             ;
; |alu_calculate|Add2~30      ; |alu_calculate|Add2~30      ; out0             ;
; |alu_calculate|Add2~31      ; |alu_calculate|Add2~31      ; out0             ;
; |alu_calculate|Add2~32      ; |alu_calculate|Add2~32      ; out0             ;
; |alu_calculate|Add2~33      ; |alu_calculate|Add2~33      ; out0             ;
; |alu_calculate|Equal0~0     ; |alu_calculate|Equal0~0     ; out0             ;
; |alu_calculate|Equal1~0     ; |alu_calculate|Equal1~0     ; out0             ;
; |alu_calculate|Equal4~0     ; |alu_calculate|Equal4~0     ; out0             ;
; |alu_calculate|Equal6~0     ; |alu_calculate|Equal6~0     ; out0             ;
; |alu_calculate|Equal8~0     ; |alu_calculate|Equal8~0     ; out0             ;
; |alu_calculate|Equal9~0     ; |alu_calculate|Equal9~0     ; out0             ;
+-----------------------------+-----------------------------+------------------+


The following table displays output ports that do not toggle to 0 during simulation.
+------------------------------------------------------------------------------+
; Missing 0-Value Coverage                                                     ;
+-----------------------------+-----------------------------+------------------+
; Node Name                   ; Output Port Name            ; Output Port Type ;
+-----------------------------+-----------------------------+------------------+
; |alu_calculate|r~0          ; |alu_calculate|r~0          ; out              ;
; |alu_calculate|r~1          ; |alu_calculate|r~1          ; out              ;
; |alu_calculate|r~2          ; |alu_calculate|r~2          ; out              ;
; |alu_calculate|r~3          ; |alu_calculate|r~3          ; out              ;
; |alu_calculate|r~4          ; |alu_calculate|r~4          ; out              ;
; |alu_calculate|r~5          ; |alu_calculate|r~5          ; out              ;
; |alu_calculate|r~6          ; |alu_calculate|r~6          ; out              ;
; |alu_calculate|r~7          ; |alu_calculate|r~7          ; out              ;
; |alu_calculate|r~8          ; |alu_calculate|r~8          ; out              ;
; |alu_calculate|r~9          ; |alu_calculate|r~9          ; out              ;
; |alu_calculate|r~10         ; |alu_calculate|r~10         ; out              ;
; |alu_calculate|r~11         ; |alu_calculate|r~11         ; out              ;
; |alu_calculate|r~12         ; |alu_calculate|r~12         ; out              ;
; |alu_calculate|r~13         ; |alu_calculate|r~13         ; out              ;
; |alu_calculate|r~14         ; |alu_calculate|r~14         ; out              ;
; |alu_calculate|r~15         ; |alu_calculate|r~15         ; out              ;
; |alu_calculate|c~0          ; |alu_calculate|c~0          ; out              ;
; |alu_calculate|z~0          ; |alu_calculate|z~0          ; out              ;
; |alu_calculate|r~16         ; |alu_calculate|r~16         ; out0             ;
; |alu_calculate|r~17         ; |alu_calculate|r~17         ; out0             ;
; |alu_calculate|r~18         ; |alu_calculate|r~18         ; out0             ;
; |alu_calculate|r~19         ; |alu_calculate|r~19         ; out0             ;
; |alu_calculate|r~20         ; |alu_calculate|r~20         ; out0             ;
; |alu_calculate|r~21         ; |alu_calculate|r~21         ; out0             ;
; |alu_calculate|r~22         ; |alu_calculate|r~22         ; out0             ;
; |alu_calculate|r~23         ; |alu_calculate|r~23         ; out0             ;
; |alu_calculate|r~24         ; |alu_calculate|r~24         ; out              ;
; |alu_calculate|r~27         ; |alu_calculate|r~27         ; out              ;
; |alu_calculate|r~30         ; |alu_calculate|r~30         ; out              ;
; |alu_calculate|c~1          ; |alu_calculate|c~1          ; out              ;
; |alu_calculate|c~2          ; |alu_calculate|c~2          ; out              ;
; |alu_calculate|z~1          ; |alu_calculate|z~1          ; out              ;
; |alu_calculate|z~2          ; |alu_calculate|z~2          ; out              ;
; |alu_calculate|a[0]         ; |alu_calculate|a[0]         ; out              ;
; |alu_calculate|a[1]         ; |alu_calculate|a[1]         ; out              ;
; |alu_calculate|a[2]         ; |alu_calculate|a[2]         ; out              ;
; |alu_calculate|a[3]         ; |alu_calculate|a[3]         ; out              ;
; |alu_calculate|a[4]         ; |alu_calculate|a[4]         ; out              ;
; |alu_calculate|a[5]         ; |alu_calculate|a[5]         ; out              ;
; |alu_calculate|a[6]         ; |alu_calculate|a[6]         ; out              ;
; |alu_calculate|a[7]         ; |alu_calculate|a[7]         ; out              ;
; |alu_calculate|b[0]         ; |alu_calculate|b[0]         ; out              ;
; |alu_calculate|b[1]         ; |alu_calculate|b[1]         ; out              ;
; |alu_calculate|b[2]         ; |alu_calculate|b[2]         ; out              ;
; |alu_calculate|b[3]         ; |alu_calculate|b[3]         ; out              ;
; |alu_calculate|b[4]         ; |alu_calculate|b[4]         ; out              ;
; |alu_calculate|b[5]         ; |alu_calculate|b[5]         ; out              ;
; |alu_calculate|b[6]         ; |alu_calculate|b[6]         ; out              ;
; |alu_calculate|b[7]         ; |alu_calculate|b[7]         ; out              ;
; |alu_calculate|c            ; |alu_calculate|c            ; pin_out          ;
; |alu_calculate|LessThan0~0  ; |alu_calculate|LessThan0~0  ; out0             ;
; |alu_calculate|LessThan0~1  ; |alu_calculate|LessThan0~1  ; out0             ;
; |alu_calculate|LessThan0~2  ; |alu_calculate|LessThan0~2  ; out0             ;
; |alu_calculate|LessThan0~3  ; |alu_calculate|LessThan0~3  ; out0             ;
; |alu_calculate|LessThan0~4  ; |alu_calculate|LessThan0~4  ; out0             ;
; |alu_calculate|LessThan0~5  ; |alu_calculate|LessThan0~5  ; out0             ;
; |alu_calculate|LessThan0~6  ; |alu_calculate|LessThan0~6  ; out0             ;
; |alu_calculate|LessThan0~7  ; |alu_calculate|LessThan0~7  ; out0             ;
; |alu_calculate|LessThan0~8  ; |alu_calculate|LessThan0~8  ; out0             ;
; |alu_calculate|LessThan0~9  ; |alu_calculate|LessThan0~9  ; out0             ;
; |alu_calculate|LessThan0~10 ; |alu_calculate|LessThan0~10 ; out0             ;
; |alu_calculate|LessThan0~11 ; |alu_calculate|LessThan0~11 ; out0             ;
; |alu_calculate|LessThan0~12 ; |alu_calculate|LessThan0~12 ; out0             ;
; |alu_calculate|LessThan0~13 ; |alu_calculate|LessThan0~13 ; out0             ;
; |alu_calculate|LessThan0~14 ; |alu_calculate|LessThan0~14 ; out0             ;
; |alu_calculate|LessThan0~15 ; |alu_calculate|LessThan0~15 ; out0             ;
; |alu_calculate|LessThan0~16 ; |alu_calculate|LessThan0~16 ; out0             ;
; |alu_calculate|LessThan0~17 ; |alu_calculate|LessThan0~17 ; out0             ;
; |alu_calculate|LessThan0~18 ; |alu_calculate|LessThan0~18 ; out0             ;
; |alu_calculate|LessThan0~19 ; |alu_calculate|LessThan0~19 ; out0             ;
; |alu_calculate|LessThan0~20 ; |alu_calculate|LessThan0~20 ; out0             ;
; |alu_calculate|LessThan0~21 ; |alu_calculate|LessThan0~21 ; out0             ;
; |alu_calculate|LessThan0~22 ; |alu_calculate|LessThan0~22 ; out0             ;
; |alu_calculate|LessThan0~23 ; |alu_calculate|LessThan0~23 ; out0             ;
; |alu_calculate|LessThan0~24 ; |alu_calculate|LessThan0~24 ; out0             ;
; |alu_calculate|LessThan0~25 ; |alu_calculate|LessThan0~25 ; out0             ;
; |alu_calculate|LessThan0~26 ; |alu_calculate|LessThan0~26 ; out0             ;
; |alu_calculate|LessThan0~27 ; |alu_calculate|LessThan0~27 ; out0             ;
; |alu_calculate|LessThan0~28 ; |alu_calculate|LessThan0~28 ; out0             ;
; |alu_calculate|LessThan1~0  ; |alu_calculate|LessThan1~0  ; out0             ;
; |alu_calculate|LessThan1~1  ; |alu_calculate|LessThan1~1  ; out0             ;
; |alu_calculate|LessThan1~2  ; |alu_calculate|LessThan1~2  ; out0             ;
; |alu_calculate|LessThan1~3  ; |alu_calculate|LessThan1~3  ; out0             ;
; |alu_calculate|LessThan1~4  ; |alu_calculate|LessThan1~4  ; out0             ;
; |alu_calculate|LessThan1~5  ; |alu_calculate|LessThan1~5  ; out0             ;
; |alu_calculate|LessThan1~6  ; |alu_calculate|LessThan1~6  ; out0             ;
; |alu_calculate|LessThan1~7  ; |alu_calculate|LessThan1~7  ; out0             ;
; |alu_calculate|LessThan1~8  ; |alu_calculate|LessThan1~8  ; out0             ;
; |alu_calculate|LessThan1~9  ; |alu_calculate|LessThan1~9  ; out0             ;
; |alu_calculate|LessThan1~10 ; |alu_calculate|LessThan1~10 ; out0             ;
; |alu_calculate|LessThan1~11 ; |alu_calculate|LessThan1~11 ; out0             ;
; |alu_calculate|LessThan1~12 ; |alu_calculate|LessThan1~12 ; out0             ;
; |alu_calculate|LessThan1~13 ; |alu_calculate|LessThan1~13 ; out0             ;
; |alu_calculate|LessThan1~14 ; |alu_calculate|LessThan1~14 ; out0             ;
; |alu_calculate|LessThan1~15 ; |alu_calculate|LessThan1~15 ; out0             ;
; |alu_calculate|LessThan1~16 ; |alu_calculate|LessThan1~16 ; out0             ;
; |alu_calculate|LessThan1~17 ; |alu_calculate|LessThan1~17 ; out0             ;
; |alu_calculate|LessThan1~18 ; |alu_calculate|LessThan1~18 ; out0             ;
; |alu_calculate|LessThan1~19 ; |alu_calculate|LessThan1~19 ; out0             ;
; |alu_calculate|LessThan1~20 ; |alu_calculate|LessThan1~20 ; out0             ;
; |alu_calculate|LessThan1~21 ; |alu_calculate|LessThan1~21 ; out0             ;
; |alu_calculate|LessThan1~22 ; |alu_calculate|LessThan1~22 ; out0             ;
; |alu_calculate|LessThan1~23 ; |alu_calculate|LessThan1~23 ; out0             ;
; |alu_calculate|LessThan1~24 ; |alu_calculate|LessThan1~24 ; out0             ;
; |alu_calculate|LessThan1~25 ; |alu_calculate|LessThan1~25 ; out0             ;
; |alu_calculate|LessThan1~26 ; |alu_calculate|LessThan1~26 ; out0             ;
; |alu_calculate|LessThan1~27 ; |alu_calculate|LessThan1~27 ; out0             ;
; |alu_calculate|LessThan1~28 ; |alu_calculate|LessThan1~28 ; out0             ;
; |alu_calculate|Add0~0       ; |alu_calculate|Add0~0       ; out0             ;
; |alu_calculate|Add0~1       ; |alu_calculate|Add0~1       ; out0             ;
; |alu_calculate|Add0~2       ; |alu_calculate|Add0~2       ; out0             ;
; |alu_calculate|Add0~3       ; |alu_calculate|Add0~3       ; out0             ;
; |alu_calculate|Add0~4       ; |alu_calculate|Add0~4       ; out0             ;
; |alu_calculate|Add0~5       ; |alu_calculate|Add0~5       ; out0             ;
; |alu_calculate|Add0~6       ; |alu_calculate|Add0~6       ; out0             ;
; |alu_calculate|Add0~7       ; |alu_calculate|Add0~7       ; out0             ;
; |alu_calculate|Add0~8       ; |alu_calculate|Add0~8       ; out0             ;
; |alu_calculate|Add0~9       ; |alu_calculate|Add0~9       ; out0             ;
; |alu_calculate|Add0~10      ; |alu_calculate|Add0~10      ; out0             ;
; |alu_calculate|Add0~11      ; |alu_calculate|Add0~11      ; out0             ;
; |alu_calculate|Add0~12      ; |alu_calculate|Add0~12      ; out0             ;
; |alu_calculate|Add0~13      ; |alu_calculate|Add0~13      ; out0             ;
; |alu_calculate|Add0~14      ; |alu_calculate|Add0~14      ; out0             ;
; |alu_calculate|Add0~15      ; |alu_calculate|Add0~15      ; out0             ;
; |alu_calculate|Add0~16      ; |alu_calculate|Add0~16      ; out0             ;
; |alu_calculate|Add0~17      ; |alu_calculate|Add0~17      ; out0             ;
; |alu_calculate|Add0~18      ; |alu_calculate|Add0~18      ; out0             ;
; |alu_calculate|Add0~19      ; |alu_calculate|Add0~19      ; out0             ;
; |alu_calculate|Add0~20      ; |alu_calculate|Add0~20      ; out0             ;
; |alu_calculate|Add0~21      ; |alu_calculate|Add0~21      ; out0             ;
; |alu_calculate|Add0~22      ; |alu_calculate|Add0~22      ; out0             ;
; |alu_calculate|Add0~23      ; |alu_calculate|Add0~23      ; out0             ;
; |alu_calculate|Add0~24      ; |alu_calculate|Add0~24      ; out0             ;
; |alu_calculate|Add0~25      ; |alu_calculate|Add0~25      ; out0             ;
; |alu_calculate|Add0~26      ; |alu_calculate|Add0~26      ; out0             ;
; |alu_calculate|Add0~27      ; |alu_calculate|Add0~27      ; out0             ;
; |alu_calculate|Add0~28      ; |alu_calculate|Add0~28      ; out0             ;
; |alu_calculate|Add0~29      ; |alu_calculate|Add0~29      ; out0             ;
; |alu_calculate|Add0~30      ; |alu_calculate|Add0~30      ; out0             ;
; |alu_calculate|Add0~31      ; |alu_calculate|Add0~31      ; out0             ;
; |alu_calculate|Add0~32      ; |alu_calculate|Add0~32      ; out0             ;
; |alu_calculate|Add0~33      ; |alu_calculate|Add0~33      ; out0             ;
; |alu_calculate|Add0~34      ; |alu_calculate|Add0~34      ; out0             ;
; |alu_calculate|Add0~35      ; |alu_calculate|Add0~35      ; out0             ;
; |alu_calculate|Add0~36      ; |alu_calculate|Add0~36      ; out0             ;
; |alu_calculate|Add1~0       ; |alu_calculate|Add1~0       ; out0             ;
; |alu_calculate|Add1~1       ; |alu_calculate|Add1~1       ; out0             ;
; |alu_calculate|Add1~2       ; |alu_calculate|Add1~2       ; out0             ;
; |alu_calculate|Add1~3       ; |alu_calculate|Add1~3       ; out0             ;
; |alu_calculate|Add1~4       ; |alu_calculate|Add1~4       ; out0             ;
; |alu_calculate|Add1~5       ; |alu_calculate|Add1~5       ; out0             ;
; |alu_calculate|Add1~6       ; |alu_calculate|Add1~6       ; out0             ;
; |alu_calculate|Add1~7       ; |alu_calculate|Add1~7       ; out0             ;
; |alu_calculate|Add1~8       ; |alu_calculate|Add1~8       ; out0             ;
; |alu_calculate|Add1~9       ; |alu_calculate|Add1~9       ; out0             ;
; |alu_calculate|Add1~10      ; |alu_calculate|Add1~10      ; out0             ;
; |alu_calculate|Add1~11      ; |alu_calculate|Add1~11      ; out0             ;
; |alu_calculate|Add1~12      ; |alu_calculate|Add1~12      ; out0             ;
; |alu_calculate|Add1~13      ; |alu_calculate|Add1~13      ; out0             ;
; |alu_calculate|Add1~14      ; |alu_calculate|Add1~14      ; out0             ;
; |alu_calculate|Add1~15      ; |alu_calculate|Add1~15      ; out0             ;
; |alu_calculate|Add1~16      ; |alu_calculate|Add1~16      ; out0             ;
; |alu_calculate|Add1~17      ; |alu_calculate|Add1~17      ; out0             ;
; |alu_calculate|Add1~18      ; |alu_calculate|Add1~18      ; out0             ;
; |alu_calculate|Add1~19      ; |alu_calculate|Add1~19      ; out0             ;
; |alu_calculate|Add1~20      ; |alu_calculate|Add1~20      ; out0             ;
; |alu_calculate|Add1~21      ; |alu_calculate|Add1~21      ; out0             ;
; |alu_calculate|Add1~22      ; |alu_calculate|Add1~22      ; out0             ;
; |alu_calculate|Add1~23      ; |alu_calculate|Add1~23      ; out0             ;
; |alu_calculate|Add1~24      ; |alu_calculate|Add1~24      ; out0             ;
; |alu_calculate|Add1~25      ; |alu_calculate|Add1~25      ; out0             ;
; |alu_calculate|Add1~26      ; |alu_calculate|Add1~26      ; out0             ;
; |alu_calculate|Add1~27      ; |alu_calculate|Add1~27      ; out0             ;
; |alu_calculate|Add1~28      ; |alu_calculate|Add1~28      ; out0             ;
; |alu_calculate|Add1~29      ; |alu_calculate|Add1~29      ; out0             ;
; |alu_calculate|Add1~30      ; |alu_calculate|Add1~30      ; out0             ;
; |alu_calculate|Add1~31      ; |alu_calculate|Add1~31      ; out0             ;
; |alu_calculate|Add1~32      ; |alu_calculate|Add1~32      ; out0             ;
; |alu_calculate|Add1~33      ; |alu_calculate|Add1~33      ; out0             ;
; |alu_calculate|Add2~0       ; |alu_calculate|Add2~0       ; out0             ;
; |alu_calculate|Add2~1       ; |alu_calculate|Add2~1       ; out0             ;
; |alu_calculate|Add2~2       ; |alu_calculate|Add2~2       ; out0             ;
; |alu_calculate|Add2~3       ; |alu_calculate|Add2~3       ; out0             ;
; |alu_calculate|Add2~4       ; |alu_calculate|Add2~4       ; out0             ;
; |alu_calculate|Add2~5       ; |alu_calculate|Add2~5       ; out0             ;
; |alu_calculate|Add2~6       ; |alu_calculate|Add2~6       ; out0             ;
; |alu_calculate|Add2~7       ; |alu_calculate|Add2~7       ; out0             ;
; |alu_calculate|Add2~8       ; |alu_calculate|Add2~8       ; out0             ;
; |alu_calculate|Add2~9       ; |alu_calculate|Add2~9       ; out0             ;
; |alu_calculate|Add2~10      ; |alu_calculate|Add2~10      ; out0             ;
; |alu_calculate|Add2~11      ; |alu_calculate|Add2~11      ; out0             ;
; |alu_calculate|Add2~12      ; |alu_calculate|Add2~12      ; out0             ;
; |alu_calculate|Add2~13      ; |alu_calculate|Add2~13      ; out0             ;
; |alu_calculate|Add2~14      ; |alu_calculate|Add2~14      ; out0             ;
; |alu_calculate|Add2~15      ; |alu_calculate|Add2~15      ; out0             ;
; |alu_calculate|Add2~16      ; |alu_calculate|Add2~16      ; out0             ;
; |alu_calculate|Add2~17      ; |alu_calculate|Add2~17      ; out0             ;
; |alu_calculate|Add2~18      ; |alu_calculate|Add2~18      ; out0             ;
; |alu_calculate|Add2~19      ; |alu_calculate|Add2~19      ; out0             ;
; |alu_calculate|Add2~20      ; |alu_calculate|Add2~20      ; out0             ;
; |alu_calculate|Add2~21      ; |alu_calculate|Add2~21      ; out0             ;
; |alu_calculate|Add2~22      ; |alu_calculate|Add2~22      ; out0             ;
; |alu_calculate|Add2~23      ; |alu_calculate|Add2~23      ; out0             ;
; |alu_calculate|Add2~24      ; |alu_calculate|Add2~24      ; out0             ;
; |alu_calculate|Add2~25      ; |alu_calculate|Add2~25      ; out0             ;
; |alu_calculate|Add2~26      ; |alu_calculate|Add2~26      ; out0             ;
; |alu_calculate|Add2~27      ; |alu_calculate|Add2~27      ; out0             ;
; |alu_calculate|Add2~28      ; |alu_calculate|Add2~28      ; out0             ;
; |alu_calculate|Add2~29      ; |alu_calculate|Add2~29      ; out0             ;
; |alu_calculate|Add2~30      ; |alu_calculate|Add2~30      ; out0             ;
; |alu_calculate|Add2~31      ; |alu_calculate|Add2~31      ; out0             ;
; |alu_calculate|Add2~32      ; |alu_calculate|Add2~32      ; out0             ;
; |alu_calculate|Add2~33      ; |alu_calculate|Add2~33      ; out0             ;
; |alu_calculate|Equal1~0     ; |alu_calculate|Equal1~0     ; out0             ;
; |alu_calculate|Equal4~0     ; |alu_calculate|Equal4~0     ; out0             ;
; |alu_calculate|Equal6~0     ; |alu_calculate|Equal6~0     ; out0             ;
; |alu_calculate|Equal8~0     ; |alu_calculate|Equal8~0     ; out0             ;
; |alu_calculate|Equal9~0     ; |alu_calculate|Equal9~0     ; out0             ;
+-----------------------------+-----------------------------+------------------+


+---------------------+
; Simulator INI Usage ;
+--------+------------+
; Option ; Usage      ;
+--------+------------+


+--------------------+
; Simulator Messages ;
+--------------------+
Info: *******************************************************************
Info: Running Quartus II Simulator
    Info: Version 9.0 Build 184 04/29/2009 Service Pack 1 SJ Web Edition
    Info: Processing started: Sun Dec 30 12:27:16 2018
Info: Command: quartus_sim --read_settings_files=on --write_settings_files=off alu_calculate -c alu_calculate
Info: Using vector source file "C:/Users/ASUS/Desktop/学习/数字电路/cpu/zyk33/CPU_jianyanpro/alu_calculate/alu_calculate.vwf"
Info: Option to preserve fewer signal transitions to reduce memory requirements is enabled
    Info: Simulation has been partitioned into sub-simulations according to the maximum transition count determined by the engine. Transitions from memory will be flushed out to disk at the end of each sub-simulation to reduce memory requirements.
Info: Simulation partitioned into 1 sub-simulations
Info: Simulation coverage is      21.99 %
Info: Number of transitions in simulation is 190
Info: Quartus II Simulator was successful. 0 errors, 0 warnings
    Info: Peak virtual memory: 206 megabytes
    Info: Processing ended: Sun Dec 30 12:27:17 2018
    Info: Elapsed time: 00:00:01
    Info: Total CPU time (on all processors): 00:00:01


