Flow report for zljsq_pc
Wed Jan 03 21:47:17 2018
Quartus II Version 9.0 Build 184 04/29/2009 Service Pack 1 SJ Web Edition


---------------------
; Table of Contents ;
---------------------
  1. Legal Notice
  2. Flow Summary
  3. Flow Settings
  4. Flow Non-Default Global Settings
  5. Flow Elapsed Time
  6. Flow OS Summary
  7. Flow Log



----------------
; Legal Notice ;
----------------
Copyright (C) 1991-2009 Altera Corporation
Your use of Altera Corporation's design tools, logic functions 
and other software and tools, and its AMPP partner logic 
functions, and any output files from any of the foregoing 
(including device programming or simulation files), and any 
associated documentation or information are expressly subject 
to the terms and conditions of the Altera Program License 
Subscription Agreement, Altera MegaCore Function License 
Agreement, or other applicable license agreement, including, 
without limitation, that your use is for the sole purpose of 
programming logic devices manufactured by Altera and sold by 
Altera or its authorized distributors.  Please refer to the 
applicable agreement for further details.



+------------------------------------------------------------------------+
; Flow Summary                                                           ;
+-------------------------+----------------------------------------------+
; Flow Status             ; Successful - Wed Jan 03 21:47:17 2018        ;
; Quartus II Version      ; 9.0 Build 184 04/29/2009 SP 1 SJ Web Edition ;
; Revision Name           ; zljsq_pc                                     ;
; Top-level Entity Name   ; zljsq_pc                                     ;
; Family                  ; Cyclone                                      ;
; Device                  ; EP1C3T100A8                                  ;
; Timing Models           ; Final                                        ;
; Met timing requirements ; Yes                                          ;
; Total logic elements    ; 10 / 2,910 ( < 1 % )                         ;
; Total pins              ; 19 / 65 ( 29 % )                             ;
; Total virtual pins      ; 0                                            ;
; Total memory bits       ; 0 / 59,904 ( 0 % )                           ;
; Total PLLs              ; 0 / 1 ( 0 % )                                ;
+-------------------------+----------------------------------------------+


+-----------------------------------------+
; Flow Settings                           ;
+-------------------+---------------------+
; Option            ; Setting             ;
+-------------------+---------------------+
; Start date & time ; 01/03/2018 21:47:13 ;
; Main task         ; Compilation         ;
; Revision Name     ; zljsq_pc            ;
+-------------------+---------------------+


+---------------------------------------------------------------------------------------------------------------------+
; Flow Non-Default Global Settings                                                                                    ;
+------------------------------------+---------------------------------+---------------+-------------+----------------+
; Assignment Name                    ; Value                           ; Default Value ; Entity Name ; Section Id     ;
+------------------------------------+---------------------------------+---------------+-------------+----------------+
; COMPILER_SIGNATURE_ID              ; 180331607459835.151498723316708 ; --            ; --          ; --             ;
; MAX_CORE_JUNCTION_TEMP             ; 125                             ; --            ; --          ; --             ;
; MIN_CORE_JUNCTION_TEMP             ; -40                             ; --            ; --          ; --             ;
; PARTITION_COLOR                    ; 16764057                        ; --            ; --          ; Top            ;
; PARTITION_NETLIST_TYPE             ; SOURCE                          ; --            ; --          ; Top            ;
; USE_GENERATED_PHYSICAL_CONSTRAINTS ; Off                             ; --            ; --          ; eda_blast_fpga ;
+------------------------------------+---------------------------------+---------------+-------------+----------------+


+-----------------------------------------------------------------------------------------------------------------------------+
; Flow Elapsed Time                                                                                                           ;
+-------------------------+--------------+-------------------------+---------------------+------------------------------------+
; Module Name             ; Elapsed Time ; Average Processors Used ; Peak Virtual Memory ; Total CPU Time (on all processors) ;
+-------------------------+--------------+-------------------------+---------------------+------------------------------------+
; Analysis & Synthesis    ; 00:00:00     ; 1.0                     ; 258 MB              ; 00:00:01                           ;
; Fitter                  ; 00:00:01     ; 1.0                     ; 261 MB              ; 00:00:01                           ;
; Assembler               ; 00:00:00     ; 1.0                     ; 224 MB              ; 00:00:00                           ;
; Classic Timing Analyzer ; 00:00:00     ; 1.0                     ; 192 MB              ; 00:00:00                           ;
; Total                   ; 00:00:01     ; --                      ; --                  ; 00:00:02                           ;
+-------------------------+--------------+-------------------------+---------------------+------------------------------------+


+------------------------------------------------------------------------------------------+
; Flow OS Summary                                                                          ;
+-------------------------+------------------+---------------+------------+----------------+
; Module Name             ; Machine Hostname ; OS Name       ; OS Version ; Processor type ;
+-------------------------+------------------+---------------+------------+----------------+
; Analysis & Synthesis    ; LAPTOP-C2NCQII4  ; Windows Vista ; 6.2        ; x86_64         ;
; Fitter                  ; LAPTOP-C2NCQII4  ; Windows Vista ; 6.2        ; x86_64         ;
; Assembler               ; LAPTOP-C2NCQII4  ; Windows Vista ; 6.2        ; x86_64         ;
; Classic Timing Analyzer ; LAPTOP-C2NCQII4  ; Windows Vista ; 6.2        ; x86_64         ;
+-------------------------+------------------+---------------+------------+----------------+


------------
; Flow Log ;
------------
quartus_map --read_settings_files=on --write_settings_files=off zljsq_pc -c zljsq_pc
quartus_fit --read_settings_files=off --write_settings_files=off zljsq_pc -c zljsq_pc
quartus_asm --read_settings_files=off --write_settings_files=off zljsq_pc -c zljsq_pc
quartus_tan --read_settings_files=off --write_settings_files=off zljsq_pc -c zljsq_pc --timing_analysis_only



