Flow report for zljcq_ir
Thu Jan 04 23:02:45 2018
Quartus II Version 9.0 Build 184 04/29/2009 Service Pack 1 SJ Web Edition


---------------------
; Table of Contents ;
---------------------
  1. Legal Notice
  2. Flow Summary
  3. Flow Settings
  4. Flow Non-Default Global Settings
  5. Flow Elapsed Time
  6. Flow OS Summary
  7. Flow Log



----------------
; Legal Notice ;
----------------
Copyright (C) 1991-2009 Altera Corporation
Your use of Altera Corporation's design tools, logic functions 
and other software and tools, and its AMPP partner logic 
functions, and any output files from any of the foregoing 
(including device programming or simulation files), and any 
associated documentation or information are expressly subject 
to the terms and conditions of the Altera Program License 
Subscription Agreement, Altera MegaCore Function License 
Agreement, or other applicable license agreement, including, 
without limitation, that your use is for the sole purpose of 
programming logic devices manufactured by Altera and sold by 
Altera or its authorized distributors.  Please refer to the 
applicable agreement for further details.



+------------------------------------------------------------------------+
; Flow Summary                                                           ;
+-------------------------+----------------------------------------------+
; Flow Status             ; Successful - Thu Jan 04 23:02:45 2018        ;
; Quartus II Version      ; 9.0 Build 184 04/29/2009 SP 1 SJ Web Edition ;
; Revision Name           ; zljcq_ir                                     ;
; Top-level Entity Name   ; zljcq_ir                                     ;
; Family                  ; Cyclone                                      ;
; Device                  ; EP1C3T100A8                                  ;
; Timing Models           ; Final                                        ;
; Met timing requirements ; Yes                                          ;
; Total logic elements    ; 8 / 2,910 ( < 1 % )                          ;
; Total pins              ; 18 / 65 ( 28 % )                             ;
; Total virtual pins      ; 0                                            ;
; Total memory bits       ; 0 / 59,904 ( 0 % )                           ;
; Total PLLs              ; 0 / 1 ( 0 % )                                ;
+-------------------------+----------------------------------------------+


+-----------------------------------------+
; Flow Settings                           ;
+-------------------+---------------------+
; Option            ; Setting             ;
+-------------------+---------------------+
; Start date & time ; 01/04/2018 23:02:40 ;
; Main task         ; Compilation         ;
; Revision Name     ; zljcq_ir            ;
+-------------------+---------------------+


+---------------------------------------------------------------------------------------------------------------------+
; Flow Non-Default Global Settings                                                                                    ;
+------------------------------------+---------------------------------+---------------+-------------+----------------+
; Assignment Name                    ; Value                           ; Default Value ; Entity Name ; Section Id     ;
+------------------------------------+---------------------------------+---------------+-------------+----------------+
; COMPILER_SIGNATURE_ID              ; 180331607459835.151507816025000 ; --            ; --          ; --             ;
; MAX_CORE_JUNCTION_TEMP             ; 125                             ; --            ; --          ; --             ;
; MIN_CORE_JUNCTION_TEMP             ; -40                             ; --            ; --          ; --             ;
; PARTITION_COLOR                    ; 16764057                        ; --            ; --          ; Top            ;
; PARTITION_NETLIST_TYPE             ; SOURCE                          ; --            ; --          ; Top            ;
; USE_GENERATED_PHYSICAL_CONSTRAINTS ; Off                             ; --            ; --          ; eda_blast_fpga ;
+------------------------------------+---------------------------------+---------------+-------------+----------------+


+-----------------------------------------------------------------------------------------------------------------------------+
; Flow Elapsed Time                                                                                                           ;
+-------------------------+--------------+-------------------------+---------------------+------------------------------------+
; Module Name             ; Elapsed Time ; Average Processors Used ; Peak Virtual Memory ; Total CPU Time (on all processors) ;
+-------------------------+--------------+-------------------------+---------------------+------------------------------------+
; Analysis & Synthesis    ; 00:00:01     ; 1.0                     ; 265 MB              ; 00:00:01                           ;
; Fitter                  ; 00:00:01     ; 1.0                     ; 261 MB              ; 00:00:01                           ;
; Assembler               ; 00:00:01     ; 1.0                     ; 224 MB              ; 00:00:00                           ;
; Classic Timing Analyzer ; 00:00:00     ; 1.0                     ; 192 MB              ; 00:00:00                           ;
; Total                   ; 00:00:03     ; --                      ; --                  ; 00:00:02                           ;
+-------------------------+--------------+-------------------------+---------------------+------------------------------------+


+------------------------------------------------------------------------------------------+
; Flow OS Summary                                                                          ;
+-------------------------+------------------+---------------+------------+----------------+
; Module Name             ; Machine Hostname ; OS Name       ; OS Version ; Processor type ;
+-------------------------+------------------+---------------+------------+----------------+
; Analysis & Synthesis    ; LAPTOP-C2NCQII4  ; Windows Vista ; 6.2        ; x86_64         ;
; Fitter                  ; LAPTOP-C2NCQII4  ; Windows Vista ; 6.2        ; x86_64         ;
; Assembler               ; LAPTOP-C2NCQII4  ; Windows Vista ; 6.2        ; x86_64         ;
; Classic Timing Analyzer ; LAPTOP-C2NCQII4  ; Windows Vista ; 6.2        ; x86_64         ;
+-------------------------+------------------+---------------+------------+----------------+


------------
; Flow Log ;
------------
quartus_map --read_settings_files=on --write_settings_files=off zljcq_ir -c zljcq_ir
quartus_fit --read_settings_files=off --write_settings_files=off zljcq_ir -c zljcq_ir
quartus_asm --read_settings_files=off --write_settings_files=off zljcq_ir -c zljcq_ir
quartus_tan --read_settings_files=off --write_settings_files=off zljcq_ir -c zljcq_ir --timing_analysis_only



